<?xml version="1.0" encoding="UTF-8"?>
<!-- Generated by org.testng.reporters.JUnitXMLReporter -->
<testsuite ignored="2" hostname="DESKTOP-19VCKBM" failures="0" tests="0" time="0.025" errors="0" timestamp="2026-04-15T21:58:21 IST">
  <testcase classname="org.restassured.tests.APITest" name="postRequest" time="0.0">
    <ignored/>
  </testcase> <!-- postRequest -->
  <testcase classname="org.restassured.tests.APITest" name="deleteRequest" time="0.0">
    <ignored/>
  </testcase> <!-- deleteRequest -->
</testsuite>
